<?xml version="1.0" encoding="UTF-8"?>
<testng-results ignored="0" total="2" passed="2" failed="0" skipped="0">
  <reporter-output>
  </reporter-output>
  <suite started-at="2023-11-24T18:54:55 IST" name="Suite" finished-at="2023-11-24T18:56:45 IST" duration-ms="110801">
    <groups>
    </groups>
    <test started-at="2023-11-24T18:54:55 IST" name="Test" finished-at="2023-11-24T18:56:45 IST" duration-ms="110801">
      <class name="com.adnabuarjun.shopify.FilterProductsTest">
        <test-method is-config="true" signature="setup(java.lang.String)[pri:0, instance:com.adnabuarjun.shopify.FilterProductsTest@dd8ba08]" started-at="2023-11-24T18:54:56 IST" name="setup" finished-at="2023-11-24T18:56:00 IST" duration-ms="64104" status="PASS">
          <params>
            <param index="0">
              <value>
                <![CDATA[Chrome]]>
              </value>
            </param>
          </params>
          <reporter-output>
          </reporter-output>
        </test-method> <!-- setup -->
        <test-method signature="filterProducts()[pri:0, instance:com.adnabuarjun.shopify.FilterProductsTest@dd8ba08]" started-at="2023-11-24T18:56:01 IST" name="filterProducts" finished-at="2023-11-24T18:56:42 IST" duration-ms="41059" status="PASS">
          <reporter-output>
          </reporter-output>
        </test-method> <!-- filterProducts -->
        <test-method signature="removeProductTest()[pri:0, instance:com.adnabuarjun.shopify.FilterProductsTest@dd8ba08]" started-at="2023-11-24T18:56:42 IST" name="removeProductTest" finished-at="2023-11-24T18:56:45 IST" depends-on-methods="com.adnabuarjun.shopify.FilterProductsTest.filterProducts" duration-ms="3376" status="PASS">
          <reporter-output>
          </reporter-output>
        </test-method> <!-- removeProductTest -->
      </class> <!-- com.adnabuarjun.shopify.FilterProductsTest -->
    </test> <!-- Test -->
  </suite> <!-- Suite -->
</testng-results>
